<?xml version="1.0" encoding="UTF-8"?>
<!-- Generated by org.testng.reporters.JUnitXMLReporter -->
<testsuite hostname="Ankana_studyPC" ignored="2" name="Default test" tests="1" failures="0" timestamp="08 Nov 2017 20:46:26 GMT" time="29.61" errors="0">
  <testcase name="webDriverCommands3" time="29.533" classname="seleniumcodingday3.seleniumTestScript1"/>
  <testcase name="webDriverCommands2" time="0.0" classname="seleniumcodingday3.seleniumTestScript1">
    <ignored/>
  </testcase> <!-- webDriverCommands2 -->
  <testcase name="webDriverCommands" time="0.0" classname="seleniumcodingday3.seleniumTestScript1">
    <ignored/>
  </testcase> <!-- webDriverCommands -->
</testsuite> <!-- Default test -->
